<?xml version="1.0" encoding="UTF-8"?>
<!-- Generated by org.testng.reporters.JUnitReportReporter -->
<testsuite hostname="Is-MacBook-Pro" name="com.qa.verizon.test.SmartPhonePageTest" tests="3" failures="0" timestamp="18 Jul 2020 07:06:10 GMT" time="4.271" errors="0">
  <testcase name="doClick" time="3.390" classname="com.qa.verizon.test.SmartPhonePageTest"/>
  <testcase name="verifySmartPhonePageTitleTest" time="0.121" classname="com.qa.verizon.test.SmartPhonePageTest"/>
  <testcase name="verifySmartPhoneHeaderTest" time="0.760" classname="com.qa.verizon.test.SmartPhonePageTest"/>
</testsuite> <!-- com.qa.verizon.test.SmartPhonePageTest -->
