<?xml version="1.0" encoding="UTF-8"?>
<!-- Generated by org.testng.reporters.JUnitReportReporter -->
<testsuite hostname="Is-MacBook-Pro" name="com.qa.verizon.test.CardPageTest" tests="3" failures="0" timestamp="18 Jul 2020 07:06:10 GMT" time="1.534" errors="0">
  <testcase name="verifyPhoneName" time="0.729" classname="com.qa.verizon.test.CardPageTest"/>
  <testcase name="verifyGetTitle" time="0.067" classname="com.qa.verizon.test.CardPageTest"/>
  <testcase name="verifyGetPageHeader" time="0.738" classname="com.qa.verizon.test.CardPageTest"/>
</testsuite> <!-- com.qa.verizon.test.CardPageTest -->
